{"/Users/ma/Desktop/typescript/typescriptpot/App.tsx": {"path":"/Users/ma/Desktop/typescript/typescriptpot/App.tsx","statementMap":{"0":{"start":{"line":17,"column":18},"end":{"line":17,"column":60}},"1":{"start":{"line":19,"column":12},"end":{"line":31,"column":1}},"2":{"start":{"line":20,"column":2},"end":{"line":30,"column":4}},"3":{"start":{"line":26,"column":75},"end":{"line":26,"column":79}}},"fnMap":{"0":{"name":"(anonymous_0)","decl":{"start":{"line":19,"column":12},"end":{"line":19,"column":13}},"loc":{"start":{"line":19,"column":18},"end":{"line":31,"column":1}},"line":19},"1":{"name":"(anonymous_1)","decl":{"start":{"line":26,"column":69},"end":{"line":26,"column":70}},"loc":{"start":{"line":26,"column":75},"end":{"line":26,"column":79}},"line":26}},"branchMap":{},"s":{"0":1,"1":1,"2":2,"3":0},"f":{"0":2,"1":0},"b":{},"_coverageSchema":"1a1c01bbd47fc00a2c39e90264f33305004495a9","hash":"5afb0707fc553c6e21e296cee4987a268b50169a"}
,"/Users/ma/Desktop/typescript/typescriptpot/mock/fileMock.js": {"path":"/Users/ma/Desktop/typescript/typescriptpot/mock/fileMock.js","statementMap":{"0":{"start":{"line":1,"column":0},"end":{"line":1,"column":35}}},"fnMap":{},"branchMap":{},"s":{"0":1},"f":{},"b":{},"_coverageSchema":"1a1c01bbd47fc00a2c39e90264f33305004495a9","hash":"a9932bf47fd0f87c5e428bc0016621feb25ff72c"}
,"/Users/ma/Desktop/typescript/typescriptpot/src/action_creator/login_action_creator.tsx": {"path":"/Users/ma/Desktop/typescript/typescriptpot/src/action_creator/login_action_creator.tsx","statementMap":{"0":{"start":{"line":6,"column":35},"end":{"line":14,"column":1}},"1":{"start":{"line":7,"column":4},"end":{"line":13,"column":5}},"2":{"start":{"line":8,"column":8},"end":{"line":12,"column":10}}},"fnMap":{"0":{"name":"(anonymous_0)","decl":{"start":{"line":6,"column":35},"end":{"line":6,"column":36}},"loc":{"start":{"line":6,"column":71},"end":{"line":14,"column":1}},"line":6},"1":{"name":"(anonymous_1)","decl":{"start":{"line":7,"column":10},"end":{"line":7,"column":11}},"loc":{"start":{"line":7,"column":45},"end":{"line":13,"column":5}},"line":7}},"branchMap":{},"s":{"0":1,"1":0,"2":0},"f":{"0":0,"1":0},"b":{},"_coverageSchema":"1a1c01bbd47fc00a2c39e90264f33305004495a9","hash":"65a6d2c48e629f439d87200aea23c9fd3000334c"}
,"/Users/ma/Desktop/typescript/typescriptpot/src/action_type/loginActiontype.tsx": {"path":"/Users/ma/Desktop/typescript/typescriptpot/src/action_type/loginActiontype.tsx","statementMap":{},"fnMap":{},"branchMap":{},"s":{},"f":{},"b":{},"_coverageSchema":"1a1c01bbd47fc00a2c39e90264f33305004495a9","hash":"96245b0f4847c263b107b1c40097ac32c311b7f8"}
,"/Users/ma/Desktop/typescript/typescriptpot/src/components/home.tsx": {"path":"/Users/ma/Desktop/typescript/typescriptpot/src/components/home.tsx","statementMap":{"0":{"start":{"line":7,"column":34},"end":{"line":7,"column":46}},"1":{"start":{"line":9,"column":4},"end":{"line":18,"column":9}},"2":{"start":{"line":10,"column":27},"end":{"line":15,"column":18}},"3":{"start":{"line":11,"column":24},"end":{"line":11,"column":45}},"4":{"start":{"line":12,"column":22},"end":{"line":12,"column":45}},"5":{"start":{"line":13,"column":22},"end":{"line":13,"column":45}},"6":{"start":{"line":14,"column":12},"end":{"line":14,"column":79}},"7":{"start":{"line":17,"column":10},"end":{"line":17,"column":49}},"8":{"start":{"line":17,"column":23},"end":{"line":17,"column":48}},"9":{"start":{"line":21,"column":4},"end":{"line":28,"column":6}}},"fnMap":{"0":{"name":"HomePage","decl":{"start":{"line":6,"column":9},"end":{"line":6,"column":17}},"loc":{"start":{"line":6,"column":19},"end":{"line":29,"column":1}},"line":6},"1":{"name":"(anonymous_1)","decl":{"start":{"line":9,"column":14},"end":{"line":9,"column":15}},"loc":{"start":{"line":9,"column":20},"end":{"line":18,"column":7}},"line":9},"2":{"name":"(anonymous_2)","decl":{"start":{"line":10,"column":39},"end":{"line":10,"column":40}},"loc":{"start":{"line":10,"column":45},"end":{"line":15,"column":11}},"line":10},"3":{"name":"(anonymous_3)","decl":{"start":{"line":17,"column":17},"end":{"line":17,"column":18}},"loc":{"start":{"line":17,"column":23},"end":{"line":17,"column":48}},"line":17}},"branchMap":{},"s":{"0":0,"1":0,"2":0,"3":0,"4":0,"5":0,"6":0,"7":0,"8":0,"9":0},"f":{"0":0,"1":0,"2":0,"3":0},"b":{},"_coverageSchema":"1a1c01bbd47fc00a2c39e90264f33305004495a9","hash":"722db4998634d6f0549b9fdae25b791cfd07fd76"}
,"/Users/ma/Desktop/typescript/typescriptpot/src/components/login.tsx": {"path":"/Users/ma/Desktop/typescript/typescriptpot/src/components/login.tsx","statementMap":{"0":{"start":{"line":12,"column":36},"end":{"line":12,"column":48}},"1":{"start":{"line":13,"column":36},"end":{"line":13,"column":48}},"2":{"start":{"line":14,"column":21},"end":{"line":14,"column":34}},"3":{"start":{"line":15,"column":24},"end":{"line":15,"column":71}},"4":{"start":{"line":16,"column":19},"end":{"line":16,"column":60}},"5":{"start":{"line":16,"column":48},"end":{"line":16,"column":59}},"6":{"start":{"line":18,"column":31},"end":{"line":32,"column":5}},"7":{"start":{"line":19,"column":8},"end":{"line":31,"column":9}},"8":{"start":{"line":20,"column":11},"end":{"line":20,"column":44}},"9":{"start":{"line":21,"column":14},"end":{"line":31,"column":9}},"10":{"start":{"line":22,"column":10},"end":{"line":22,"column":43}},"11":{"start":{"line":24,"column":10},"end":{"line":24,"column":41}},"12":{"start":{"line":25,"column":10},"end":{"line":25,"column":29}},"13":{"start":{"line":26,"column":10},"end":{"line":30,"column":11}},"14":{"start":{"line":27,"column":12},"end":{"line":27,"column":50}},"15":{"start":{"line":29,"column":12},"end":{"line":29,"column":61}},"16":{"start":{"line":34,"column":32},"end":{"line":36,"column":5}},"17":{"start":{"line":35,"column":6},"end":{"line":35,"column":46}},"18":{"start":{"line":37,"column":4},"end":{"line":68,"column":6}},"19":{"start":{"line":45,"column":40},"end":{"line":45,"column":61}},"20":{"start":{"line":55,"column":40},"end":{"line":55,"column":61}}},"fnMap":{"0":{"name":"LoginPage","decl":{"start":{"line":11,"column":9},"end":{"line":11,"column":18}},"loc":{"start":{"line":11,"column":30},"end":{"line":69,"column":1}},"line":11},"1":{"name":"(anonymous_1)","decl":{"start":{"line":16,"column":31},"end":{"line":16,"column":32}},"loc":{"start":{"line":16,"column":48},"end":{"line":16,"column":59}},"line":16},"2":{"name":"(anonymous_2)","decl":{"start":{"line":18,"column":31},"end":{"line":18,"column":32}},"loc":{"start":{"line":18,"column":37},"end":{"line":32,"column":5}},"line":18},"3":{"name":"(anonymous_3)","decl":{"start":{"line":34,"column":32},"end":{"line":34,"column":33}},"loc":{"start":{"line":34,"column":37},"end":{"line":36,"column":5}},"line":34},"4":{"name":"(anonymous_4)","decl":{"start":{"line":45,"column":26},"end":{"line":45,"column":27}},"loc":{"start":{"line":45,"column":40},"end":{"line":45,"column":61}},"line":45},"5":{"name":"(anonymous_5)","decl":{"start":{"line":55,"column":26},"end":{"line":55,"column":27}},"loc":{"start":{"line":55,"column":40},"end":{"line":55,"column":61}},"line":55}},"branchMap":{"0":{"loc":{"start":{"line":19,"column":8},"end":{"line":31,"column":9}},"type":"if","locations":[{"start":{"line":19,"column":8},"end":{"line":31,"column":9}},{"start":{"line":19,"column":8},"end":{"line":31,"column":9}}],"line":19},"1":{"loc":{"start":{"line":21,"column":14},"end":{"line":31,"column":9}},"type":"if","locations":[{"start":{"line":21,"column":14},"end":{"line":31,"column":9}},{"start":{"line":21,"column":14},"end":{"line":31,"column":9}}],"line":21},"2":{"loc":{"start":{"line":26,"column":10},"end":{"line":30,"column":11}},"type":"if","locations":[{"start":{"line":26,"column":10},"end":{"line":30,"column":11}},{"start":{"line":26,"column":10},"end":{"line":30,"column":11}}],"line":26}},"s":{"0":2,"1":1,"2":1,"3":1,"4":1,"5":2,"6":1,"7":0,"8":0,"9":0,"10":0,"11":0,"12":0,"13":0,"14":0,"15":0,"16":1,"17":0,"18":1,"19":0,"20":0},"f":{"0":2,"1":2,"2":0,"3":0,"4":0,"5":0},"b":{"0":[0,0],"1":[0,0],"2":[0,0]},"_coverageSchema":"1a1c01bbd47fc00a2c39e90264f33305004495a9","hash":"8cc7ad6dbb1fb8d6fe6a1833cbf6430bbe801bf4"}
,"/Users/ma/Desktop/typescript/typescriptpot/src/components/signup.tsx": {"path":"/Users/ma/Desktop/typescript/typescriptpot/src/components/signup.tsx","statementMap":{"0":{"start":{"line":21,"column":23},"end":{"line":168,"column":1}},"1":{"start":{"line":22,"column":34},"end":{"line":22,"column":46}},"2":{"start":{"line":23,"column":36},"end":{"line":23,"column":48}},"3":{"start":{"line":24,"column":32},"end":{"line":24,"column":44}},"4":{"start":{"line":25,"column":40},"end":{"line":25,"column":52}},"5":{"start":{"line":26,"column":42},"end":{"line":26,"column":54}},"6":{"start":{"line":27,"column":32},"end":{"line":27,"column":47}},"7":{"start":{"line":28,"column":36},"end":{"line":28,"column":48}},"8":{"start":{"line":32,"column":6},"end":{"line":32,"column":21}},"9":{"start":{"line":34,"column":24},"end":{"line":34,"column":35}},"10":{"start":{"line":35,"column":22},"end":{"line":35,"column":33}},"11":{"start":{"line":36,"column":26},"end":{"line":36,"column":37}},"12":{"start":{"line":37,"column":27},"end":{"line":37,"column":38}},"13":{"start":{"line":39,"column":29},"end":{"line":64,"column":4}},"14":{"start":{"line":40,"column":4},"end":{"line":40,"column":21}},"15":{"start":{"line":41,"column":4},"end":{"line":44,"column":5}},"16":{"start":{"line":42,"column":6},"end":{"line":42,"column":38}},"17":{"start":{"line":43,"column":6},"end":{"line":43,"column":13}},"18":{"start":{"line":45,"column":4},"end":{"line":48,"column":5}},"19":{"start":{"line":46,"column":6},"end":{"line":46,"column":42}},"20":{"start":{"line":47,"column":6},"end":{"line":47,"column":13}},"21":{"start":{"line":49,"column":4},"end":{"line":52,"column":5}},"22":{"start":{"line":50,"column":6},"end":{"line":50,"column":42}},"23":{"start":{"line":51,"column":6},"end":{"line":51,"column":13}},"24":{"start":{"line":53,"column":4},"end":{"line":56,"column":5}},"25":{"start":{"line":54,"column":6},"end":{"line":54,"column":37}},"26":{"start":{"line":55,"column":6},"end":{"line":55,"column":13}},"27":{"start":{"line":57,"column":4},"end":{"line":60,"column":5}},"28":{"start":{"line":58,"column":6},"end":{"line":58,"column":41}},"29":{"start":{"line":59,"column":6},"end":{"line":59,"column":13}},"30":{"start":{"line":63,"column":4},"end":{"line":63,"column":43}},"31":{"start":{"line":68,"column":2},"end":{"line":167,"column":4}},"32":{"start":{"line":87,"column":42},"end":{"line":87,"column":63}},"33":{"start":{"line":100,"column":46},"end":{"line":100,"column":75}},"34":{"start":{"line":114,"column":16},"end":{"line":114,"column":39}},"35":{"start":{"line":128,"column":41},"end":{"line":128,"column":60}},"36":{"start":{"line":143,"column":16},"end":{"line":143,"column":43}}},"fnMap":{"0":{"name":"(anonymous_0)","decl":{"start":{"line":21,"column":23},"end":{"line":21,"column":24}},"loc":{"start":{"line":21,"column":38},"end":{"line":168,"column":1}},"line":21},"1":{"name":"(anonymous_1)","decl":{"start":{"line":39,"column":29},"end":{"line":39,"column":30}},"loc":{"start":{"line":39,"column":35},"end":{"line":64,"column":4}},"line":39},"2":{"name":"(anonymous_2)","decl":{"start":{"line":87,"column":28},"end":{"line":87,"column":29}},"loc":{"start":{"line":87,"column":42},"end":{"line":87,"column":63}},"line":87},"3":{"name":"(anonymous_3)","decl":{"start":{"line":100,"column":28},"end":{"line":100,"column":29}},"loc":{"start":{"line":100,"column":46},"end":{"line":100,"column":75}},"line":100},"4":{"name":"(anonymous_4)","decl":{"start":{"line":113,"column":28},"end":{"line":113,"column":29}},"loc":{"start":{"line":114,"column":16},"end":{"line":114,"column":39}},"line":114},"5":{"name":"(anonymous_5)","decl":{"start":{"line":128,"column":28},"end":{"line":128,"column":29}},"loc":{"start":{"line":128,"column":41},"end":{"line":128,"column":60}},"line":128},"6":{"name":"(anonymous_6)","decl":{"start":{"line":142,"column":28},"end":{"line":142,"column":29}},"loc":{"start":{"line":143,"column":16},"end":{"line":143,"column":43}},"line":143}},"branchMap":{"0":{"loc":{"start":{"line":41,"column":4},"end":{"line":44,"column":5}},"type":"if","locations":[{"start":{"line":41,"column":4},"end":{"line":44,"column":5}},{"start":{"line":41,"column":4},"end":{"line":44,"column":5}}],"line":41},"1":{"loc":{"start":{"line":45,"column":4},"end":{"line":48,"column":5}},"type":"if","locations":[{"start":{"line":45,"column":4},"end":{"line":48,"column":5}},{"start":{"line":45,"column":4},"end":{"line":48,"column":5}}],"line":45},"2":{"loc":{"start":{"line":49,"column":4},"end":{"line":52,"column":5}},"type":"if","locations":[{"start":{"line":49,"column":4},"end":{"line":52,"column":5}},{"start":{"line":49,"column":4},"end":{"line":52,"column":5}}],"line":49},"3":{"loc":{"start":{"line":53,"column":4},"end":{"line":56,"column":5}},"type":"if","locations":[{"start":{"line":53,"column":4},"end":{"line":56,"column":5}},{"start":{"line":53,"column":4},"end":{"line":56,"column":5}}],"line":53},"4":{"loc":{"start":{"line":57,"column":4},"end":{"line":60,"column":5}},"type":"if","locations":[{"start":{"line":57,"column":4},"end":{"line":60,"column":5}},{"start":{"line":57,"column":4},"end":{"line":60,"column":5}}],"line":57},"5":{"loc":{"start":{"line":153,"column":11},"end":{"line":157,"column":18}},"type":"cond-expr","locations":[{"start":{"line":154,"column":12},"end":{"line":156,"column":19}},{"start":{"line":157,"column":14},"end":{"line":157,"column":18}}],"line":153}},"s":{"0":1,"1":0,"2":0,"3":0,"4":0,"5":0,"6":0,"7":0,"8":0,"9":0,"10":0,"11":0,"12":0,"13":0,"14":0,"15":0,"16":0,"17":0,"18":0,"19":0,"20":0,"21":0,"22":0,"23":0,"24":0,"25":0,"26":0,"27":0,"28":0,"29":0,"30":0,"31":0,"32":0,"33":0,"34":0,"35":0,"36":0},"f":{"0":0,"1":0,"2":0,"3":0,"4":0,"5":0,"6":0},"b":{"0":[0,0],"1":[0,0],"2":[0,0],"3":[0,0],"4":[0,0],"5":[0,0]},"_coverageSchema":"1a1c01bbd47fc00a2c39e90264f33305004495a9","hash":"34313c2346e17632674a31059aae72d182368cf4"}
,"/Users/ma/Desktop/typescript/typescriptpot/src/reducer/index.tsx": {"path":"/Users/ma/Desktop/typescript/typescriptpot/src/reducer/index.tsx","statementMap":{"0":{"start":{"line":4,"column":17},"end":{"line":6,"column":2}}},"fnMap":{},"branchMap":{},"s":{"0":1},"f":{},"b":{},"_coverageSchema":"1a1c01bbd47fc00a2c39e90264f33305004495a9","hash":"09411965518bb64f1341ace25cb4e4cfb029cac0"}
,"/Users/ma/Desktop/typescript/typescriptpot/src/reducer/loginReducer.tsx": {"path":"/Users/ma/Desktop/typescript/typescriptpot/src/reducer/loginReducer.tsx","statementMap":{"0":{"start":{"line":5,"column":21},"end":{"line":8,"column":1}},"1":{"start":{"line":9,"column":21},"end":{"line":17,"column":1}},"2":{"start":{"line":10,"column":4},"end":{"line":15,"column":5}},"3":{"start":{"line":12,"column":8},"end":{"line":12,"column":61}},"4":{"start":{"line":14,"column":11},"end":{"line":14,"column":24}}},"fnMap":{"0":{"name":"(anonymous_0)","decl":{"start":{"line":9,"column":21},"end":{"line":9,"column":22}},"loc":{"start":{"line":9,"column":67},"end":{"line":17,"column":1}},"line":9}},"branchMap":{"0":{"loc":{"start":{"line":9,"column":22},"end":{"line":9,"column":42}},"type":"default-arg","locations":[{"start":{"line":9,"column":30},"end":{"line":9,"column":42}}],"line":9},"1":{"loc":{"start":{"line":10,"column":4},"end":{"line":15,"column":5}},"type":"switch","locations":[{"start":{"line":11,"column":7},"end":{"line":12,"column":61}},{"start":{"line":13,"column":7},"end":{"line":14,"column":24}}],"line":10}},"s":{"0":1,"1":1,"2":3,"3":0,"4":3},"f":{"0":3},"b":{"0":[3],"1":[0,3]},"_coverageSchema":"1a1c01bbd47fc00a2c39e90264f33305004495a9","hash":"a9f35d30fa2ea33127045b0fb250a2b2bbf134bf"}
,"/Users/ma/Desktop/typescript/typescriptpot/src/services/loginService.tsx": {"path":"/Users/ma/Desktop/typescript/typescriptpot/src/services/loginService.tsx","statementMap":{"0":{"start":{"line":2,"column":29},"end":{"line":8,"column":1}},"1":{"start":{"line":3,"column":4},"end":{"line":7,"column":5}},"2":{"start":{"line":4,"column":8},"end":{"line":4,"column":20}},"3":{"start":{"line":6,"column":8},"end":{"line":6,"column":21}}},"fnMap":{"0":{"name":"(anonymous_0)","decl":{"start":{"line":2,"column":29},"end":{"line":2,"column":30}},"loc":{"start":{"line":2,"column":65},"end":{"line":8,"column":1}},"line":2}},"branchMap":{"0":{"loc":{"start":{"line":3,"column":4},"end":{"line":7,"column":5}},"type":"if","locations":[{"start":{"line":3,"column":4},"end":{"line":7,"column":5}},{"start":{"line":3,"column":4},"end":{"line":7,"column":5}}],"line":3},"1":{"loc":{"start":{"line":3,"column":8},"end":{"line":3,"column":51}},"type":"binary-expr","locations":[{"start":{"line":3,"column":8},"end":{"line":3,"column":29}},{"start":{"line":3,"column":33},"end":{"line":3,"column":51}}],"line":3}},"s":{"0":1,"1":0,"2":0,"3":0},"f":{"0":0},"b":{"0":[0,0],"1":[0,0]},"_coverageSchema":"1a1c01bbd47fc00a2c39e90264f33305004495a9","hash":"9aa6fd866903c305edbdab372dfea464771c9862"}
,"/Users/ma/Desktop/typescript/typescriptpot/src/store/index.tsx": {"path":"/Users/ma/Desktop/typescript/typescriptpot/src/store/index.tsx","statementMap":{"0":{"start":{"line":5,"column":21},"end":{"line":9,"column":1}}},"fnMap":{},"branchMap":{},"s":{"0":1},"f":{},"b":{},"_coverageSchema":"1a1c01bbd47fc00a2c39e90264f33305004495a9","hash":"bc2341d8327667e93289db54f60cb93fa8d4f3e3"}
,"/Users/ma/Desktop/typescript/typescriptpot/src/styles/homeStyle.tsx": {"path":"/Users/ma/Desktop/typescript/typescriptpot/src/styles/homeStyle.tsx","statementMap":{"0":{"start":{"line":3,"column":20},"end":{"line":3,"column":50}},"1":{"start":{"line":4,"column":21},"end":{"line":4,"column":52}},"2":{"start":{"line":7,"column":19},"end":{"line":35,"column":4}}},"fnMap":{},"branchMap":{},"s":{"0":1,"1":1,"2":1},"f":{},"b":{},"_coverageSchema":"1a1c01bbd47fc00a2c39e90264f33305004495a9","hash":"101a648cd87b46583ffacd84dee0e91981a1049d"}
,"/Users/ma/Desktop/typescript/typescriptpot/src/styles/loginStyle.tsx": {"path":"/Users/ma/Desktop/typescript/typescriptpot/src/styles/loginStyle.tsx","statementMap":{"0":{"start":{"line":4,"column":20},"end":{"line":50,"column":4}}},"fnMap":{},"branchMap":{},"s":{"0":1},"f":{},"b":{},"_coverageSchema":"1a1c01bbd47fc00a2c39e90264f33305004495a9","hash":"984b5cc8de4dcd08a38adce94cf8b88a9080cc73"}
,"/Users/ma/Desktop/typescript/typescriptpot/src/styles/signupStyle.tsx": {"path":"/Users/ma/Desktop/typescript/typescriptpot/src/styles/signupStyle.tsx","statementMap":{"0":{"start":{"line":3,"column":20},"end":{"line":3,"column":50}},"1":{"start":{"line":4,"column":21},"end":{"line":4,"column":52}},"2":{"start":{"line":7,"column":21},"end":{"line":56,"column":4}}},"fnMap":{},"branchMap":{},"s":{"0":1,"1":1,"2":1},"f":{},"b":{},"_coverageSchema":"1a1c01bbd47fc00a2c39e90264f33305004495a9","hash":"547ee6428c0c8ea87f6be4d1bcc4cdc160c07831"}
,"/Users/ma/Desktop/typescript/typescriptpot/src/utils/colour.tsx": {"path":"/Users/ma/Desktop/typescript/typescriptpot/src/utils/colour.tsx","statementMap":{"0":{"start":{"line":3,"column":16},"end":{"line":8,"column":1}}},"fnMap":{},"branchMap":{},"s":{"0":1},"f":{},"b":{},"_coverageSchema":"1a1c01bbd47fc00a2c39e90264f33305004495a9","hash":"f7a195dfb99fda9877d20d7646d209b2fe70ed85"}
,"/Users/ma/Desktop/typescript/typescriptpot/src/utils/string.tsx": {"path":"/Users/ma/Desktop/typescript/typescriptpot/src/utils/string.tsx","statementMap":{"0":{"start":{"line":3,"column":16},"end":{"line":9,"column":1}}},"fnMap":{},"branchMap":{},"s":{"0":1},"f":{},"b":{},"_coverageSchema":"1a1c01bbd47fc00a2c39e90264f33305004495a9","hash":"8901f71f9b5e7e9e0a275391a1a713eee6a0eeed"}
}
